2022-05-24 09:20:07.163  INFO 5838 --- [main] c.e.i.ImageServiceApplication            : Starting ImageServiceApplication using Java 17.0.2 on n00st-VivoBook-ASUSLaptop-X513UA-M513UA with PID 5838 (/home/n00st/IdeaProjects/Image_service/target/classes started by n00st in /home/n00st/IdeaProjects/Image_service)
2022-05-24 09:20:07.213  INFO 5838 --- [main] c.e.i.ImageServiceApplication            : No active profile set, falling back to 1 default profile: "default"
2022-05-24 09:20:09.330  INFO 5838 --- [main] .s.d.r.c.RepositoryConfigurationDelegate : Bootstrapping Spring Data JPA repositories in DEFAULT mode.
2022-05-24 09:20:09.379  INFO 5838 --- [main] .s.d.r.c.RepositoryConfigurationDelegate : Finished Spring Data repository scanning in 42 ms. Found 1 JPA repository interfaces.
2022-05-24 09:20:09.865  INFO 5838 --- [main] o.s.b.w.embedded.tomcat.TomcatWebServer  : Tomcat initialized with port(s): 8083 (http)
2022-05-24 09:20:09.874  INFO 5838 --- [main] o.apache.catalina.core.StandardService   : Starting service [Tomcat]
2022-05-24 09:20:09.874  INFO 5838 --- [main] org.apache.catalina.core.StandardEngine  : Starting Servlet engine: [Apache Tomcat/9.0.62]
2022-05-24 09:20:09.944  INFO 5838 --- [main] o.a.c.c.C.[Tomcat].[localhost].[/]       : Initializing Spring embedded WebApplicationContext
2022-05-24 09:20:09.944  INFO 5838 --- [main] w.s.c.ServletWebServerApplicationContext : Root WebApplicationContext: initialization completed in 2265 ms
2022-05-24 09:20:10.114  INFO 5838 --- [main] o.hibernate.jpa.internal.util.LogHelper  : HHH000204: Processing PersistenceUnitInfo [name: default]
2022-05-24 09:20:10.137  INFO 5838 --- [main] org.hibernate.Version                    : HHH000412: Hibernate ORM core version 5.6.8.Final
2022-05-24 09:20:10.213  INFO 5838 --- [main] o.hibernate.annotations.common.Version   : HCANN000001: Hibernate Commons Annotations {5.1.2.Final}
2022-05-24 09:20:10.285  INFO 5838 --- [main] com.zaxxer.hikari.HikariDataSource       : HikariPool-1 - Starting...
2022-05-24 09:20:10.475  INFO 5838 --- [main] com.zaxxer.hikari.HikariDataSource       : HikariPool-1 - Start completed.
2022-05-24 09:20:10.489  INFO 5838 --- [main] org.hibernate.dialect.Dialect            : HHH000400: Using dialect: org.hibernate.dialect.PostgreSQLDialect
2022-05-24 09:20:10.880  INFO 5838 --- [main] o.h.e.t.j.p.i.JtaPlatformInitiator       : HHH000490: Using JtaPlatform implementation: [org.hibernate.engine.transaction.jta.platform.internal.NoJtaPlatform]
2022-05-24 09:20:10.892  INFO 5838 --- [main] j.LocalContainerEntityManagerFactoryBean : Initialized JPA EntityManagerFactory for persistence unit 'default'
2022-05-24 09:20:10.956  WARN 5838 --- [main] JpaBaseConfiguration$JpaWebConfiguration : spring.jpa.open-in-view is enabled by default. Therefore, database queries may be performed during view rendering. Explicitly configure spring.jpa.open-in-view to disable this warning
2022-05-24 09:20:11.232  WARN 5838 --- [main] .s.s.UserDetailsServiceAutoConfiguration : 

Using generated security password: 7f433113-625d-4ee8-90bd-e6faead30a60

This generated password is for development use only. Your security configuration must be updated before running your application in production.

2022-05-24 09:20:11.281  INFO 5838 --- [main] o.s.s.web.DefaultSecurityFilterChain     : Will secure any request with [org.springframework.security.web.context.request.async.WebAsyncManagerIntegrationFilter@5454be, org.springframework.security.web.context.SecurityContextPersistenceFilter@29db008c, org.springframework.security.web.header.HeaderWriterFilter@4fef5792, org.springframework.web.filter.CorsFilter@2dd08ff1, org.springframework.security.web.authentication.logout.LogoutFilter@3883031d, org.springframework.security.web.savedrequest.RequestCacheAwareFilter@191b44ca, org.springframework.security.web.servletapi.SecurityContextHolderAwareRequestFilter@77cf329d, org.springframework.security.web.authentication.AnonymousAuthenticationFilter@37dec463, org.springframework.security.web.session.SessionManagementFilter@4de93edd, org.springframework.security.web.access.ExceptionTranslationFilter@4d5ea776, org.springframework.security.web.access.intercept.FilterSecurityInterceptor@1324e70a]
2022-05-24 09:20:11.578  INFO 5838 --- [main] o.s.b.w.embedded.tomcat.TomcatWebServer  : Tomcat started on port(s): 8083 (http) with context path ''
2022-05-24 09:20:11.587  INFO 5838 --- [main] c.e.i.ImageServiceApplication            : Started ImageServiceApplication in 7.63 seconds (JVM running for 8.27)
2022-05-24 09:20:20.081  INFO 5838 --- [http-nio-8083-exec-3] o.a.c.c.C.[Tomcat].[localhost].[/]       : Initializing Spring DispatcherServlet 'dispatcherServlet'
2022-05-24 09:20:20.081  INFO 5838 --- [http-nio-8083-exec-3] o.s.web.servlet.DispatcherServlet        : Initializing Servlet 'dispatcherServlet'
2022-05-24 09:20:20.082  INFO 5838 --- [http-nio-8083-exec-3] o.s.web.servlet.DispatcherServlet        : Completed initialization in 1 ms
2022-05-24 09:27:47.714  INFO 5838 --- [SpringApplicationShutdownHook] j.LocalContainerEntityManagerFactoryBean : Closing JPA EntityManagerFactory for persistence unit 'default'
2022-05-24 09:27:47.716  INFO 5838 --- [SpringApplicationShutdownHook] com.zaxxer.hikari.HikariDataSource       : HikariPool-1 - Shutdown initiated...
2022-05-24 09:27:47.730  INFO 5838 --- [SpringApplicationShutdownHook] com.zaxxer.hikari.HikariDataSource       : HikariPool-1 - Shutdown completed.
2022-05-24 09:56:26.962  INFO 4181 --- [main] c.e.i.ImageServiceApplication            : Starting ImageServiceApplication using Java 17.0.2 on n00st-VivoBook-ASUSLaptop-X513UA-M513UA with PID 4181 (/home/n00st/IdeaProjects/Image_service/target/classes started by n00st in /home/n00st/IdeaProjects/Image_service)
2022-05-24 09:56:26.964  INFO 4181 --- [main] c.e.i.ImageServiceApplication            : No active profile set, falling back to 1 default profile: "default"
2022-05-24 09:56:27.469  INFO 4181 --- [main] .s.d.r.c.RepositoryConfigurationDelegate : Bootstrapping Spring Data JPA repositories in DEFAULT mode.
2022-05-24 09:56:27.512  INFO 4181 --- [main] .s.d.r.c.RepositoryConfigurationDelegate : Finished Spring Data repository scanning in 36 ms. Found 1 JPA repository interfaces.
2022-05-24 09:56:27.869  INFO 4181 --- [main] o.s.b.w.embedded.tomcat.TomcatWebServer  : Tomcat initialized with port(s): 8083 (http)
2022-05-24 09:56:27.876  INFO 4181 --- [main] o.apache.catalina.core.StandardService   : Starting service [Tomcat]
2022-05-24 09:56:27.876  INFO 4181 --- [main] org.apache.catalina.core.StandardEngine  : Starting Servlet engine: [Apache Tomcat/9.0.62]
2022-05-24 09:56:27.938  INFO 4181 --- [main] o.a.c.c.C.[Tomcat].[localhost].[/]       : Initializing Spring embedded WebApplicationContext
2022-05-24 09:56:27.939  INFO 4181 --- [main] w.s.c.ServletWebServerApplicationContext : Root WebApplicationContext: initialization completed in 936 ms
2022-05-24 09:56:28.075  INFO 4181 --- [main] o.hibernate.jpa.internal.util.LogHelper  : HHH000204: Processing PersistenceUnitInfo [name: default]
2022-05-24 09:56:28.106  INFO 4181 --- [main] org.hibernate.Version                    : HHH000412: Hibernate ORM core version 5.6.8.Final
2022-05-24 09:56:28.169  INFO 4181 --- [main] o.hibernate.annotations.common.Version   : HCANN000001: Hibernate Commons Annotations {5.1.2.Final}
2022-05-24 09:56:28.214  INFO 4181 --- [main] com.zaxxer.hikari.HikariDataSource       : HikariPool-1 - Starting...
2022-05-24 09:56:28.379  INFO 4181 --- [main] com.zaxxer.hikari.HikariDataSource       : HikariPool-1 - Start completed.
2022-05-24 09:56:28.389  INFO 4181 --- [main] org.hibernate.dialect.Dialect            : HHH000400: Using dialect: org.hibernate.dialect.PostgreSQLDialect
2022-05-24 09:56:28.703  INFO 4181 --- [main] o.h.e.t.j.p.i.JtaPlatformInitiator       : HHH000490: Using JtaPlatform implementation: [org.hibernate.engine.transaction.jta.platform.internal.NoJtaPlatform]
2022-05-24 09:56:28.711  INFO 4181 --- [main] j.LocalContainerEntityManagerFactoryBean : Initialized JPA EntityManagerFactory for persistence unit 'default'
2022-05-24 09:56:28.748  WARN 4181 --- [main] JpaBaseConfiguration$JpaWebConfiguration : spring.jpa.open-in-view is enabled by default. Therefore, database queries may be performed during view rendering. Explicitly configure spring.jpa.open-in-view to disable this warning
2022-05-24 09:56:28.974  WARN 4181 --- [main] .s.s.UserDetailsServiceAutoConfiguration : 

Using generated security password: b4b0ce65-2d83-4e9d-92d8-3ed3253220f5

This generated password is for development use only. Your security configuration must be updated before running your application in production.

2022-05-24 09:56:29.032  INFO 4181 --- [main] o.s.s.web.DefaultSecurityFilterChain     : Will secure any request with [org.springframework.security.web.context.request.async.WebAsyncManagerIntegrationFilter@78e97d4d, org.springframework.security.web.context.SecurityContextPersistenceFilter@5d6d424d, org.springframework.security.web.header.HeaderWriterFilter@12e40e98, org.springframework.web.filter.CorsFilter@7096d451, org.springframework.security.web.authentication.logout.LogoutFilter@58f97013, org.springframework.security.web.savedrequest.RequestCacheAwareFilter@6e78177b, org.springframework.security.web.servletapi.SecurityContextHolderAwareRequestFilter@237cd264, org.springframework.security.web.authentication.AnonymousAuthenticationFilter@7816454d, org.springframework.security.web.session.SessionManagementFilter@1c9975a8, org.springframework.security.web.access.ExceptionTranslationFilter@20afd96f, org.springframework.security.web.access.intercept.FilterSecurityInterceptor@2b1a1a37]
2022-05-24 09:56:29.313  INFO 4181 --- [main] o.s.b.w.embedded.tomcat.TomcatWebServer  : Tomcat started on port(s): 8083 (http) with context path ''
2022-05-24 09:56:29.321  INFO 4181 --- [main] c.e.i.ImageServiceApplication            : Started ImageServiceApplication in 2.64 seconds (JVM running for 3.067)
2022-05-24 09:57:17.260  INFO 4181 --- [http-nio-8083-exec-1] o.a.c.c.C.[Tomcat].[localhost].[/]       : Initializing Spring DispatcherServlet 'dispatcherServlet'
2022-05-24 09:57:17.260  INFO 4181 --- [http-nio-8083-exec-1] o.s.web.servlet.DispatcherServlet        : Initializing Servlet 'dispatcherServlet'
2022-05-24 09:57:17.261  INFO 4181 --- [http-nio-8083-exec-1] o.s.web.servlet.DispatcherServlet        : Completed initialization in 1 ms
2022-05-24 10:10:07.380  INFO 4181 --- [SpringApplicationShutdownHook] j.LocalContainerEntityManagerFactoryBean : Closing JPA EntityManagerFactory for persistence unit 'default'
2022-05-24 10:10:07.383  INFO 4181 --- [SpringApplicationShutdownHook] com.zaxxer.hikari.HikariDataSource       : HikariPool-1 - Shutdown initiated...
2022-05-24 10:10:07.393  INFO 4181 --- [SpringApplicationShutdownHook] com.zaxxer.hikari.HikariDataSource       : HikariPool-1 - Shutdown completed.
2022-05-24 12:09:29.566  INFO 5205 --- [main] c.e.i.ImageServiceApplication            : Starting ImageServiceApplication using Java 17.0.2 on n00st-VivoBook-ASUSLaptop-X513UA-M513UA with PID 5205 (/home/n00st/IdeaProjects/Image_service/target/classes started by n00st in /home/n00st/IdeaProjects/Image_service)
2022-05-24 12:09:29.584  INFO 5205 --- [main] c.e.i.ImageServiceApplication            : No active profile set, falling back to 1 default profile: "default"
2022-05-24 12:09:30.943  INFO 5205 --- [main] .s.d.r.c.RepositoryConfigurationDelegate : Bootstrapping Spring Data JPA repositories in DEFAULT mode.
2022-05-24 12:09:31.015  INFO 5205 --- [main] .s.d.r.c.RepositoryConfigurationDelegate : Finished Spring Data repository scanning in 63 ms. Found 1 JPA repository interfaces.
2022-05-24 12:09:31.809  INFO 5205 --- [main] o.s.b.w.embedded.tomcat.TomcatWebServer  : Tomcat initialized with port(s): 8083 (http)
2022-05-24 12:09:31.822  INFO 5205 --- [main] o.apache.catalina.core.StandardService   : Starting service [Tomcat]
2022-05-24 12:09:31.823  INFO 5205 --- [main] org.apache.catalina.core.StandardEngine  : Starting Servlet engine: [Apache Tomcat/9.0.62]
2022-05-24 12:09:31.999  INFO 5205 --- [main] o.a.c.c.C.[Tomcat].[localhost].[/]       : Initializing Spring embedded WebApplicationContext
2022-05-24 12:09:32.001  INFO 5205 --- [main] w.s.c.ServletWebServerApplicationContext : Root WebApplicationContext: initialization completed in 1996 ms
2022-05-24 12:09:32.275  INFO 5205 --- [main] o.hibernate.jpa.internal.util.LogHelper  : HHH000204: Processing PersistenceUnitInfo [name: default]
2022-05-24 12:09:32.338  INFO 5205 --- [main] org.hibernate.Version                    : HHH000412: Hibernate ORM core version 5.6.8.Final
2022-05-24 12:09:32.486  INFO 5205 --- [main] o.hibernate.annotations.common.Version   : HCANN000001: Hibernate Commons Annotations {5.1.2.Final}
2022-05-24 12:09:32.583  INFO 5205 --- [main] com.zaxxer.hikari.HikariDataSource       : HikariPool-1 - Starting...
2022-05-24 12:09:32.795  INFO 5205 --- [main] com.zaxxer.hikari.HikariDataSource       : HikariPool-1 - Start completed.
2022-05-24 12:09:32.811  INFO 5205 --- [main] org.hibernate.dialect.Dialect            : HHH000400: Using dialect: org.hibernate.dialect.PostgreSQLDialect
2022-05-24 12:09:33.225  INFO 5205 --- [main] o.h.e.t.j.p.i.JtaPlatformInitiator       : HHH000490: Using JtaPlatform implementation: [org.hibernate.engine.transaction.jta.platform.internal.NoJtaPlatform]
2022-05-24 12:09:33.231  INFO 5205 --- [main] j.LocalContainerEntityManagerFactoryBean : Initialized JPA EntityManagerFactory for persistence unit 'default'
2022-05-24 12:09:33.283  WARN 5205 --- [main] JpaBaseConfiguration$JpaWebConfiguration : spring.jpa.open-in-view is enabled by default. Therefore, database queries may be performed during view rendering. Explicitly configure spring.jpa.open-in-view to disable this warning
2022-05-24 12:09:35.397  WARN 5205 --- [main] .s.s.UserDetailsServiceAutoConfiguration : 

Using generated security password: fae9bc60-e124-4ea5-96aa-d6f69480d858

This generated password is for development use only. Your security configuration must be updated before running your application in production.

2022-05-24 12:09:35.933  INFO 5205 --- [main] o.s.s.web.DefaultSecurityFilterChain     : Will secure any request with [org.springframework.security.web.context.request.async.WebAsyncManagerIntegrationFilter@2b15ba1a, org.springframework.security.web.context.SecurityContextPersistenceFilter@6e66b498, org.springframework.security.web.header.HeaderWriterFilter@b3042ed, org.springframework.web.filter.CorsFilter@796fe2b5, org.springframework.security.web.authentication.logout.LogoutFilter@31c5304f, org.springframework.security.web.savedrequest.RequestCacheAwareFilter@6f7c9755, org.springframework.security.web.servletapi.SecurityContextHolderAwareRequestFilter@53b2e1eb, org.springframework.security.web.authentication.AnonymousAuthenticationFilter@5a6af2c4, org.springframework.security.web.session.SessionManagementFilter@6a6a2fdd, org.springframework.security.web.access.ExceptionTranslationFilter@47d4e28a, org.springframework.security.web.access.intercept.FilterSecurityInterceptor@41ddec69]
2022-05-24 12:09:38.361  INFO 5205 --- [main] o.s.b.w.embedded.tomcat.TomcatWebServer  : Tomcat started on port(s): 8083 (http) with context path ''
2022-05-24 12:09:38.374  INFO 5205 --- [main] c.e.i.ImageServiceApplication            : Started ImageServiceApplication in 11.576 seconds (JVM running for 13.457)
2022-05-24 12:11:49.360  INFO 5205 --- [http-nio-8083-exec-1] o.a.c.c.C.[Tomcat].[localhost].[/]       : Initializing Spring DispatcherServlet 'dispatcherServlet'
2022-05-24 12:11:49.360  INFO 5205 --- [http-nio-8083-exec-1] o.s.web.servlet.DispatcherServlet        : Initializing Servlet 'dispatcherServlet'
2022-05-24 12:11:49.361  INFO 5205 --- [http-nio-8083-exec-1] o.s.web.servlet.DispatcherServlet        : Completed initialization in 1 ms
2022-05-24 12:31:48.436  INFO 5205 --- [SpringApplicationShutdownHook] j.LocalContainerEntityManagerFactoryBean : Closing JPA EntityManagerFactory for persistence unit 'default'
2022-05-24 12:31:48.438  INFO 5205 --- [SpringApplicationShutdownHook] com.zaxxer.hikari.HikariDataSource       : HikariPool-1 - Shutdown initiated...
2022-05-24 12:31:48.450  INFO 5205 --- [SpringApplicationShutdownHook] com.zaxxer.hikari.HikariDataSource       : HikariPool-1 - Shutdown completed.
2022-05-24 13:02:01.352  INFO 4534 --- [main] c.e.i.ImageServiceApplication            : Starting ImageServiceApplication using Java 17.0.2 on n00st-VivoBook-ASUSLaptop-X513UA-M513UA with PID 4534 (/home/n00st/IdeaProjects/Image_service/target/classes started by n00st in /home/n00st/IdeaProjects/Image_service)
2022-05-24 13:02:01.355  INFO 4534 --- [main] c.e.i.ImageServiceApplication            : No active profile set, falling back to 1 default profile: "default"
2022-05-24 13:02:02.040  INFO 4534 --- [main] .s.d.r.c.RepositoryConfigurationDelegate : Bootstrapping Spring Data JPA repositories in DEFAULT mode.
2022-05-24 13:02:02.117  INFO 4534 --- [main] .s.d.r.c.RepositoryConfigurationDelegate : Finished Spring Data repository scanning in 64 ms. Found 1 JPA repository interfaces.
2022-05-24 13:02:05.660  INFO 4534 --- [main] o.s.b.w.embedded.tomcat.TomcatWebServer  : Tomcat initialized with port(s): 8083 (http)
2022-05-24 13:02:05.708  INFO 4534 --- [main] o.apache.catalina.core.StandardService   : Starting service [Tomcat]
2022-05-24 13:02:05.713  INFO 4534 --- [main] org.apache.catalina.core.StandardEngine  : Starting Servlet engine: [Apache Tomcat/9.0.62]
2022-05-24 13:02:06.457  INFO 4534 --- [main] o.a.c.c.C.[Tomcat].[localhost].[/]       : Initializing Spring embedded WebApplicationContext
2022-05-24 13:02:06.462  INFO 4534 --- [main] w.s.c.ServletWebServerApplicationContext : Root WebApplicationContext: initialization completed in 5051 ms
2022-05-24 13:02:07.225  INFO 4534 --- [main] o.hibernate.jpa.internal.util.LogHelper  : HHH000204: Processing PersistenceUnitInfo [name: default]
2022-05-24 13:02:07.262  INFO 4534 --- [main] org.hibernate.Version                    : HHH000412: Hibernate ORM core version 5.6.8.Final
2022-05-24 13:02:07.343  INFO 4534 --- [main] o.hibernate.annotations.common.Version   : HCANN000001: Hibernate Commons Annotations {5.1.2.Final}
2022-05-24 13:02:07.391  INFO 4534 --- [main] com.zaxxer.hikari.HikariDataSource       : HikariPool-1 - Starting...
2022-05-24 13:02:07.571  INFO 4534 --- [main] com.zaxxer.hikari.HikariDataSource       : HikariPool-1 - Start completed.
2022-05-24 13:02:07.583  INFO 4534 --- [main] org.hibernate.dialect.Dialect            : HHH000400: Using dialect: org.hibernate.dialect.PostgreSQLDialect
2022-05-24 13:02:07.975  INFO 4534 --- [main] o.h.e.t.j.p.i.JtaPlatformInitiator       : HHH000490: Using JtaPlatform implementation: [org.hibernate.engine.transaction.jta.platform.internal.NoJtaPlatform]
2022-05-24 13:02:07.982  INFO 4534 --- [main] j.LocalContainerEntityManagerFactoryBean : Initialized JPA EntityManagerFactory for persistence unit 'default'
2022-05-24 13:02:08.024  WARN 4534 --- [main] JpaBaseConfiguration$JpaWebConfiguration : spring.jpa.open-in-view is enabled by default. Therefore, database queries may be performed during view rendering. Explicitly configure spring.jpa.open-in-view to disable this warning
2022-05-24 13:02:08.275  WARN 4534 --- [main] .s.s.UserDetailsServiceAutoConfiguration : 

Using generated security password: 2a25ccb0-c48c-4b60-abec-dbc0b6b22741

This generated password is for development use only. Your security configuration must be updated before running your application in production.

2022-05-24 13:02:08.329  INFO 4534 --- [main] o.s.s.web.DefaultSecurityFilterChain     : Will secure any request with [org.springframework.security.web.context.request.async.WebAsyncManagerIntegrationFilter@1ed52f44, org.springframework.security.web.context.SecurityContextPersistenceFilter@63f2d024, org.springframework.security.web.header.HeaderWriterFilter@3b64f131, org.springframework.web.filter.CorsFilter@771afdd5, org.springframework.security.web.authentication.logout.LogoutFilter@191774d6, org.springframework.security.web.savedrequest.RequestCacheAwareFilter@405223e4, org.springframework.security.web.servletapi.SecurityContextHolderAwareRequestFilter@391b01c5, org.springframework.security.web.authentication.AnonymousAuthenticationFilter@3abadb65, org.springframework.security.web.session.SessionManagementFilter@43df1377, org.springframework.security.web.access.ExceptionTranslationFilter@39685204, org.springframework.security.web.access.intercept.FilterSecurityInterceptor@3f033664]
2022-05-24 13:02:08.652  INFO 4534 --- [main] o.s.b.w.embedded.tomcat.TomcatWebServer  : Tomcat started on port(s): 8083 (http) with context path ''
2022-05-24 13:02:08.662  INFO 4534 --- [main] c.e.i.ImageServiceApplication            : Started ImageServiceApplication in 7.688 seconds (JVM running for 8.265)
2022-05-24 13:02:23.461  INFO 4534 --- [http-nio-8083-exec-3] o.a.c.c.C.[Tomcat].[localhost].[/]       : Initializing Spring DispatcherServlet 'dispatcherServlet'
2022-05-24 13:02:23.461  INFO 4534 --- [http-nio-8083-exec-3] o.s.web.servlet.DispatcherServlet        : Initializing Servlet 'dispatcherServlet'
2022-05-24 13:02:23.462  INFO 4534 --- [http-nio-8083-exec-3] o.s.web.servlet.DispatcherServlet        : Completed initialization in 1 ms
2022-05-24 13:36:19.942  INFO 4534 --- [SpringApplicationShutdownHook] j.LocalContainerEntityManagerFactoryBean : Closing JPA EntityManagerFactory for persistence unit 'default'
2022-05-24 13:36:19.944  INFO 4534 --- [SpringApplicationShutdownHook] com.zaxxer.hikari.HikariDataSource       : HikariPool-1 - Shutdown initiated...
2022-05-24 13:36:19.953  INFO 4534 --- [SpringApplicationShutdownHook] com.zaxxer.hikari.HikariDataSource       : HikariPool-1 - Shutdown completed.
